<?xml version="1.0" encoding="UTF-8"?>
<!-- Generated by org.testng.reporters.JUnitXMLReporter -->
<testsuite ignored="0" hostname="VSP-7DVZN73" failures="2" tests="2" name="Default test" time="85.807" errors="0" timestamp="2023-02-23T18:28:18 IST">
  <testcase classname="io.cucumber.testng.AbstractTestNGCucumberTests" name="runScenario" time="48.507">
    <failure type="java.lang.NullPointerException" message="Cannot invoke &amp;quot;com.AngularSiteTestingDemo.pageObjects.LoginPage.clickSignIn()&amp;quot; because &amp;quot;this.lp&amp;quot; is null">
      <![CDATA[java.lang.NullPointerException: Cannot invoke "com.AngularSiteTestingDemo.pageObjects.LoginPage.clickSignIn()" because "this.lp" is null
at com.AngularSiteTestingDemo.stepDefinitions.StepDefinitionImpl.user_enters_emailID_and_password(StepDefinitionImpl.java:61)
at ✽.user enters emailID gookulraj404@gmail.com and password IvarViking@2k21(file:///C:/Users/GokulRajIbrahimpatna/eclipse-workspace/AngularSiteTestingDemo/src/test/java/cucumber/ForbesAutomation_TC_SignIn_001.feature:10)
]]>
    </failure>
  </testcase> <!-- runScenario -->
  <testcase classname="io.cucumber.testng.AbstractTestNGCucumberTests" name="runScenario" time="35.123">
    <failure type="java.lang.NullPointerException" message="Cannot invoke &amp;quot;com.AngularSiteTestingDemo.pageObjects.LoginPage.clickSignIn()&amp;quot; because &amp;quot;this.lp&amp;quot; is null">
      <![CDATA[java.lang.NullPointerException: Cannot invoke "com.AngularSiteTestingDemo.pageObjects.LoginPage.clickSignIn()" because "this.lp" is null
at com.AngularSiteTestingDemo.stepDefinitions.StepDefinitionImpl.user_enters_emailID_and_password(StepDefinitionImpl.java:61)
at ✽.user enters emailID gookulraj404@gmail.com and password IvarViking@2k21(file:///C:/Users/GokulRajIbrahimpatna/eclipse-workspace/AngularSiteTestingDemo/src/test/java/cucumber/ForbesAutomation_TC_SignIn_001.feature:21)
]]>
    </failure>
  </testcase> <!-- runScenario -->
</testsuite> <!-- Default test -->
