<?xml version="1.0" encoding="UTF-8"?>
<!-- Generated by org.testng.reporters.JUnitXMLReporter -->
<testsuite ignored="0" hostname="VSP-7DVZN73" failures="0" tests="2" name="Forbes Automation TC001 LoginTest" time="109.915" errors="0" timestamp="2023-01-30T15:02:11 IST">
  <testcase classname="com.AngularSiteTestingDemo.testCases.TC_SignIn_001" name="signInTest" time="51.077"/>
  <testcase classname="com.AngularSiteTestingDemo.testCases.TC_ngCalculator_002" name="ngCalculator" time="21.394"/>
</testsuite> <!-- Forbes Automation TC001 LoginTest -->
